0 info it worked if it ends with ok
1 verbose cli [ 'C:\\Program Files\\nodejs\\node.exe',
1 verbose cli   'C:\\Program Files\\nodejs\\node_modules\\npm\\bin\\npm-cli.js',
1 verbose cli   'install',
1 verbose cli   '@angular-devkit/build-angular:dev-server' ]
2 info using npm@6.4.1
3 info using node@v10.15.3
4 verbose npm-session 947ea88b5e616db3
5 silly install loadCurrentTree
6 silly install readLocalPackageData
7 silly fetchPackageMetaData error for file:@angular-devkit\build-angular:dev-server Could not install from "@angular-devkit\build-angular:dev-server" as it does not contain a package.json file.
8 timing stage:rollbackFailedOptional Completed in 2ms
9 timing stage:runTopLevelLifecycles Completed in 11460ms
10 verbose stack Error: ENOENT: no such file or directory, open 'E:\TPStephane\testV7\@angular-devkit\build-angular:dev-server\package.json'
11 verbose cwd E:\TPStephane\testV7
12 verbose Windows_NT 10.0.18362
13 verbose argv "C:\\Program Files\\nodejs\\node.exe" "C:\\Program Files\\nodejs\\node_modules\\npm\\bin\\npm-cli.js" "install" "@angular-devkit/build-angular:dev-server"
14 verbose node v10.15.3
15 verbose npm  v6.4.1
16 error code ENOLOCAL
17 error Could not install from "@angular-devkit\build-angular:dev-server" as it does not contain a package.json file.
18 verbose exit [ 1, true ]
